<?xml version="1.0" encoding="UTF-8"?>
<!-- Generated by org.testng.reporters.JUnitXMLReporter -->
<testsuite hostname="vaibhav-Latitude-3550" ignored="0" name="Registration Automation" tests="2" failures="0" timestamp="17 Dec 2019 12:56:37 GMT" time="10.552" errors="0">
  <testcase name="test_1" time="3.995" classname="com.nmc.testcases.two_seven.SampleTestCase"/>
  <testcase name="test_2" time="0.004" classname="com.nmc.testcases.two_seven.SampleTestCase"/>
</testsuite> <!-- Registration Automation -->
