<?xml version="1.0" encoding="UTF-8"?>
<!-- Generated by org.testng.reporters.JUnitXMLReporter -->
<testsuite ignored="0" hostname="manish-Latitude-3460" failures="0" tests="2" name="Registration Automation" time="25.645" errors="0" timestamp="18 Dec 2019 13:18:26 GMT">
  <testcase classname="com.nmc.testcases.two_seven.SampleTestCase" name="test_1" time="5.759"/>
  <testcase classname="com.nmc.testcases.two_seven.SampleTestCase" name="test_2" time="0.002"/>
</testsuite> <!-- Registration Automation -->
